<?xml version="1.0" encoding="UTF-8"?>
<!-- Generated by org.testng.reporters.JUnitReportReporter -->
<testsuite hostname="yash" name="applicationComponent.Topfan.AndroidAppAc" tests="12" failures="0" timestamp="12 Sep 2019 02:47:12 GMT" time="77.579" errors="0">
  <testcase name="closeApplication" time="1.410" classname="applicationComponent.Topfan.AndroidAppAc"/>
  <testcase name="openApplication" time="3.185" classname="applicationComponent.Topfan.AndroidAppAc"/>
  <testcase name="verifyTC01" time="13.649" classname="applicationComponent.Topfan.AndroidAppAc"/>
  <testcase name="openApplication" time="3.798" classname="applicationComponent.Topfan.AndroidAppAc"/>
  <testcase name="openApplication" time="3.189" classname="applicationComponent.Topfan.AndroidAppAc"/>
  <testcase name="verifyTC03" time="14.633" classname="applicationComponent.Topfan.AndroidAppAc"/>
  <testcase name="closeApplication" time="1.580" classname="applicationComponent.Topfan.AndroidAppAc"/>
  <testcase name="verifyTC02" time="15.389" classname="applicationComponent.Topfan.AndroidAppAc"/>
  <testcase name="openApplication" time="4.950" classname="applicationComponent.Topfan.AndroidAppAc"/>
  <testcase name="closeApplication" time="1.763" classname="applicationComponent.Topfan.AndroidAppAc"/>
  <testcase name="closeApplication" time="1.622" classname="applicationComponent.Topfan.AndroidAppAc"/>
  <testcase name="verifyTC03" time="12.411" classname="applicationComponent.Topfan.AndroidAppAc"/>
</testsuite> <!-- applicationComponent.Topfan.AndroidAppAc -->
